[2026-03-09T06:31:09.878+0000] {manager.py:470} INFO - Processing files using up to 2 processes at a time 
[2026-03-09T06:31:09.879+0000] {manager.py:471} INFO - Process each file at most once every 30 seconds
[2026-03-09T06:31:09.880+0000] {manager.py:472} INFO - Checking for new files in /opt/airflow/dags every 300 seconds
[2026-03-09T06:31:09.882+0000] {manager.py:737} INFO - Searching for files in /opt/airflow/dags
[2026-03-09T06:31:09.887+0000] {manager.py:740} INFO - There are 0 files in /opt/airflow/dags
[2026-03-09T06:36:10.520+0000] {manager.py:737} INFO - Searching for files in /opt/airflow/dags
[2026-03-09T06:36:10.526+0000] {manager.py:740} INFO - There are 0 files in /opt/airflow/dags
[2026-03-09T06:41:10.864+0000] {manager.py:737} INFO - Searching for files in /opt/airflow/dags
[2026-03-09T06:41:10.869+0000] {manager.py:740} INFO - There are 0 files in /opt/airflow/dags
[2026-03-09T06:46:11.216+0000] {manager.py:737} INFO - Searching for files in /opt/airflow/dags
[2026-03-09T06:46:11.223+0000] {manager.py:740} INFO - There are 0 files in /opt/airflow/dags
[2026-03-09T06:51:11.555+0000] {manager.py:737} INFO - Searching for files in /opt/airflow/dags
[2026-03-09T06:51:11.560+0000] {manager.py:740} INFO - There are 0 files in /opt/airflow/dags
[2026-03-09T06:56:11.889+0000] {manager.py:737} INFO - Searching for files in /opt/airflow/dags
[2026-03-09T06:56:11.894+0000] {manager.py:740} INFO - There are 0 files in /opt/airflow/dags
[2026-03-09T07:01:12.294+0000] {manager.py:737} INFO - Searching for files in /opt/airflow/dags
[2026-03-09T07:01:12.300+0000] {manager.py:740} INFO - There are 0 files in /opt/airflow/dags
[2026-03-09T07:06:12.625+0000] {manager.py:737} INFO - Searching for files in /opt/airflow/dags
[2026-03-09T07:06:12.631+0000] {manager.py:740} INFO - There are 0 files in /opt/airflow/dags
[2026-03-09T07:11:12.998+0000] {manager.py:737} INFO - Searching for files in /opt/airflow/dags
[2026-03-09T07:11:13.007+0000] {manager.py:740} INFO - There are 0 files in /opt/airflow/dags
[2026-03-09T07:16:13.351+0000] {manager.py:737} INFO - Searching for files in /opt/airflow/dags
[2026-03-09T07:16:13.356+0000] {manager.py:740} INFO - There are 0 files in /opt/airflow/dags
[2026-03-09T07:21:13.703+0000] {manager.py:737} INFO - Searching for files in /opt/airflow/dags
[2026-03-09T07:21:13.708+0000] {manager.py:740} INFO - There are 0 files in /opt/airflow/dags
[2026-03-09T07:32:47.205+0000] {manager.py:470} INFO - Processing files using up to 2 processes at a time 
[2026-03-09T07:32:47.207+0000] {manager.py:471} INFO - Process each file at most once every 30 seconds
[2026-03-09T07:32:47.209+0000] {manager.py:472} INFO - Checking for new files in /opt/airflow/dags every 300 seconds
[2026-03-09T07:32:47.210+0000] {manager.py:737} INFO - Searching for files in /opt/airflow/dags
[2026-03-09T07:32:47.217+0000] {manager.py:740} INFO - There are 0 files in /opt/airflow/dags
[2026-03-09T07:37:47.996+0000] {manager.py:737} INFO - Searching for files in /opt/airflow/dags
[2026-03-09T07:37:48.001+0000] {manager.py:740} INFO - There are 0 files in /opt/airflow/dags
[2026-03-09T07:40:40.695+0000] {manager.py:452} INFO - Exiting gracefully upon receiving signal 15
